     1                                      ; Programa para somar dois números 
     2                                      ; 13/08/2023
     3                                  ; Valores para system_calls (colocar no A)
     4                                  
     5                                  SYS_EXIT EQU 1   ; 
     6                                  SYS_WRITE EQU 4
     7                                  SYS_READ EQU 3
     8                                  
     9                                  ; Indicadores de leitura e escrita (colocar no B)
    10                                  STDOUT EQU 1
    11                                  STDIN EQU 0
    12                                  
    13                                  section .data
    14                                  
    15 00000000 496E73697261203120-         prompt1 db "Insira 1 DIGITO:"
    15 00000009 44494749544F3A     
    16                                      len1 EQU $ - prompt1
    17 00000010 0000                        digitos db 0,0
    18                                  
    19                                  section .text
    20                                  
    21                                  global _start
    22                                  
    23                                  _start:
    24 00000000 B804000000                  MOV eax, SYS_WRITE   ; exibindo msg
    25 00000005 BB01000000                  MOV ebx, STDOUT
    26 0000000A B9[00000000]                MOV ecx, prompt1
    27 0000000F BA10000000                  MOV edx, len1
    28 00000014 CD80                        INT 0x80
    29                                  
    30 00000016 B803000000                  MOV eax, SYS_READ ; lendo (precisa colocar um byte a mais!! pro pointer do buffer nao ficar noq vc digitou)
    31 0000001B BB00000000                  MOV ebx, STDIN
    32 00000020 B9[10000000]                MOV ecx, digitos
    33 00000025 BA02000000                  MOV edx, 2
    34 0000002A CD80                        INT 0x80
    35                                  
    36 0000002C B804000000                  MOV eax, SYS_WRITE   ; exibindo msg
    37 00000031 BB01000000                  MOV ebx, STDOUT
    38 00000036 B9[00000000]                MOV ecx, prompt1
    39 0000003B BA10000000                  MOV edx, len1
    40 00000040 CD80                        INT 0x80
    41                                  
    42 00000042 B803000000                  MOV eax, SYS_READ ; lendo 
    43 00000047 BB00000000                  MOV ebx, STDIN
    44 0000004C B9[11000000]                MOV ecx, digitos+1
    45 00000051 BA02000000                  MOV edx, 2
    46 00000056 CD80                        INT 0x80
    47                                  
    48                                      ; MOV eax, SYS_WRITE   ; exibindo ultimo digito
    49                                      ; MOV ebx, STDOUT
    50                                      ; MOV ecx, digitos+1
    51                                      ; MOV edx, 1
    52                                      ; INT 0x80
    53                                  
    54                                      ;Somando
    55                                  
    56 00000058 A0[10000000]                MOV al, [digitos]
    57 0000005D 8A1D[11000000]              MOV bl, [digitos+1]
    58 00000063 2C30                        SUB al, 48
    59 00000065 80EB30                      SUB bl, 48
    60                                  
    61 00000068 00D8                        ADD al,bl
    62 0000006A 0430                        ADD al, 48
    63                                  
    64 0000006C A2[11000000]                MOV [digitos+1], al
    65 00000071 B9[11000000]                MOV ecx, digitos+1            ; LEMBRE-SE, AQUI VAI O ENDEREÇO DO CHAR!!!! por isso nao está entre colchetes
    66                                      
    67                                      ; mostrando resultado
    68                                  
    69 00000076 B804000000                  MOV eax, SYS_WRITE   ; exibindo msg
    70 0000007B BB01000000                  MOV ebx, STDOUT
    71 00000080 BA01000000                  MOV edx, 1
    72 00000085 CD80                        INT 0x80
    73                                  
    74                                  
    75                                  
    76                                      ; Finalizando
    77                                  
    78 00000087 B801000000                  MOV eax,1
    79 0000008C CD80                        INT 0x80
